<?xml version="1.0" encoding="UTF-8"?>
<!-- Generated by org.testng.reporters.JUnitReportReporter -->
<testsuite hostname="PGY-MAC-149.local" failures="0" tests="3" name="com.ClipBoardHealth.testCases.AmazonProductDetailsTest" time="13.845" errors="0" timestamp="2022-09-20T15:09:02 EDT" skipped="0">
  <testcase classname="com.ClipBoardHealth.testCases.AmazonProductDetailsTest" name="verifyAmazonHomePageTitleTest" time="0.142"/>
  <system-out/>
  <testcase classname="com.ClipBoardHealth.testCases.AmazonProductDetailsTest" name="clickOnHamBurgerLinkTest" time="0.976"/>
  <system-out/>
  <testcase classname="com.ClipBoardHealth.testCases.AmazonProductDetailsTest" name="getProductDetailsTest" time="12.727"/>
  <system-out/>
</testsuite> <!-- com.ClipBoardHealth.testCases.AmazonProductDetailsTest -->
