<?xml version="1.0" encoding="UTF-8"?>
<!-- Generated by org.testng.reporters.JUnitReportReporter -->
<testsuite hostname="PGY-MAC-149.local" failures="0" tests="1" name="com.ClipBoardHealth.testCases.TC_DemoTest_001" time="0.001" errors="0" timestamp="2022-09-19T22:39:19 EDT" skipped="0">
  <testcase classname="com.ClipBoardHealth.testCases.TC_DemoTest_001" name="sampleTest" time="0.001"/>
  <system-out/>
</testsuite> <!-- com.ClipBoardHealth.testCases.TC_DemoTest_001 -->
